2024-08-10 19:18:01,270 - WARNING - Waiting for downtrend for BTC/USDT!
2024-08-10 19:18:01,332 - WARNING - Waiting for downtrend for BNB/USDT!
2024-08-10 19:18:01,383 - WARNING - Waiting for downtrend for MATIC/USDT!
2024-08-10 19:18:01,433 - WARNING - Waiting for downtrend for ADA/USDT!
2024-08-10 19:18:01,764 - WARNING - Waiting for uptrend for ETH/USDT!
2024-08-10 19:18:04,068 - WARNING - EMA has not crossed yet for BTC/USDT
2024-08-10 19:18:04,114 - WARNING - EMA has not crossed yet for BNB/USDT
2024-08-10 19:18:04,381 - WARNING - EMA has not crossed yet for ADA/USDT
2024-08-10 19:18:04,432 - WARNING - EMA has not crossed yet for MATIC/USDT
2024-08-10 19:18:04,722 - WARNING - EMA has not crossed yet for ETH/USDT
2024-08-10 19:26:53,760 - WARNING - Waiting for downtrend for MATIC/USDT!
2024-08-10 19:26:54,311 - WARNING - Waiting for uptrend for ETH/USDT!
2024-08-10 19:26:55,329 - WARNING - Waiting for downtrend for ADA/USDT!
2024-08-10 19:26:55,720 - WARNING - Waiting for uptrend for BTC/USDT!
2024-08-10 19:26:56,329 - WARNING - Waiting for downtrend for BNB/USDT!
2024-08-10 19:26:56,723 - WARNING - EMA has not crossed yet for MATIC/USDT
2024-08-10 19:26:56,723 - WARNING - EMA crosses for MATIC/USDT
2024-08-10 19:26:57,701 - WARNING - EMA has not crossed yet for ETH/USDT
2024-08-10 19:26:57,701 - WARNING - ETH/USDT EMA crosses!
Short EMA: 2615.9831052751156, Long EMA: 2616.699091639945 ADX: 24.955429074375807 ATR: 9.31125851837824 Signal: Buy
2024-08-10 19:26:58,858 - WARNING - EMA has not crossed yet for BTC/USDT
2024-08-10 19:26:58,936 - WARNING - EMA has not crossed yet for ADA/USDT
2024-08-10 19:26:58,936 - WARNING - EMA crosses for ADA/USDT
2024-08-10 19:27:00,112 - WARNING - EMA has not crossed yet for BNB/USDT
2024-08-10 19:27:00,112 - WARNING - EMA crosses for BNB/USDT
2024-08-10 19:28:52,847 - WARNING - Waiting for downtrend for ADA/USDT!
2024-08-10 19:28:53,756 - WARNING - Waiting for uptrend for ETH/USDT!
2024-08-10 19:28:53,806 - WARNING - Waiting for downtrend for MATIC/USDT!
2024-08-10 19:28:54,233 - WARNING - Waiting for downtrend for BTC/USDT!
2024-08-10 19:28:54,286 - WARNING - Waiting for downtrend for BNB/USDT!
2024-08-10 19:28:55,893 - WARNING - EMA has not crossed yet for ADA/USDT
2024-08-10 19:28:55,893 - WARNING - EMA crosses for ADA/USDT
2024-08-10 19:28:56,470 - WARNING - EMA has not crossed yet for ETH/USDT
2024-08-10 19:28:56,470 - WARNING - ETH/USDT EMA crosses!
Short EMA: 2616.536438608449, Long EMA: 2617.0679805288337 ADX: 24.955429074375807 ATR: 9.31125851837824 Signal: Buy
2024-08-10 19:28:56,521 - WARNING - EMA has not crossed yet for MATIC/USDT
2024-08-10 19:28:56,521 - WARNING - EMA crosses for MATIC/USDT
2024-08-10 19:28:56,855 - WARNING - EMA has not crossed yet for BTC/USDT
2024-08-10 19:28:56,855 - WARNING - EMA crosses for BTC/USDT
2024-08-10 19:28:57,141 - WARNING - EMA has not crossed yet for BNB/USDT
2024-08-10 19:28:57,141 - WARNING - EMA crosses for BNB/USDT
2024-08-10 19:31:34,167 - WARNING - Waiting for downtrend for BNB/USDT!
2024-08-10 19:31:34,233 - WARNING - Waiting for downtrend for BTC/USDT!
2024-08-10 19:31:34,283 - WARNING - Waiting for downtrend for ADA/USDT!
2024-08-10 19:31:34,334 - WARNING - Waiting for uptrend for ETH/USDT!
2024-08-10 19:31:34,385 - WARNING - Waiting for downtrend for MATIC/USDT!
2024-08-10 19:31:37,225 - WARNING - EMA has not crossed yet for BNB/USDT
2024-08-10 19:31:37,225 - WARNING - EMA crosses for BNB/USDT
2024-08-10 19:31:37,578 - WARNING - EMA has not crossed yet for MATIC/USDT
2024-08-10 19:31:37,578 - WARNING - EMA crosses for MATIC/USDT
2024-08-10 19:31:37,631 - WARNING - EMA has not crossed yet for ETH/USDT
2024-08-10 19:31:37,631 - WARNING - ETH/USDT EMA crosses!
Short EMA: 2617.6942924056325, Long EMA: 2617.7150959668706 ADX: 23.622386695233583 ATR: 8.816882909922644 Signal: Buy
2024-08-10 19:31:37,685 - WARNING - EMA has not crossed yet for BTC/USDT
2024-08-10 19:31:37,685 - WARNING - EMA crosses for BTC/USDT
2024-08-10 19:31:37,732 - WARNING - EMA has not crossed yet for ADA/USDT
2024-08-10 19:31:37,732 - WARNING - EMA crosses for ADA/USDT
2024-08-10 19:31:55,822 - WARNING - Waiting for downtrend for BNB/USDT!
2024-08-10 19:31:56,173 - WARNING - Waiting for uptrend for ETH/USDT!
2024-08-10 19:31:56,222 - WARNING - Waiting for downtrend for BTC/USDT!
2024-08-10 19:31:56,280 - WARNING - Waiting for downtrend for ADA/USDT!
2024-08-10 19:31:56,330 - WARNING - Waiting for downtrend for MATIC/USDT!
2024-08-10 19:31:58,340 - WARNING - EMA has not crossed yet for BNB/USDT
2024-08-10 19:31:58,340 - WARNING - EMA crosses for BNB/USDT
2024-08-10 19:31:59,321 - WARNING - EMA has not crossed yet for BTC/USDT
2024-08-10 19:31:59,321 - WARNING - EMA crosses for BTC/USDT
2024-08-10 19:31:59,378 - WARNING - EMA has not crossed yet for ADA/USDT
2024-08-10 19:31:59,378 - WARNING - EMA crosses for ADA/USDT
2024-08-10 19:31:59,424 - WARNING - EMA has not crossed yet for MATIC/USDT
2024-08-10 19:31:59,424 - WARNING - EMA crosses for MATIC/USDT
2024-08-10 19:31:59,471 - WARNING - EMA has not crossed yet for ETH/USDT
2024-08-10 19:31:59,471 - WARNING - ETH/USDT EMA crosses!
Short EMA: 2617.4042924056325, Long EMA: 2617.5217626335375 ADX: 23.622386695233583 ATR: 8.836168624208389 Signal: Buy
2024-08-10 19:32:43,826 - WARNING - Waiting for downtrend for BNB/USDT!
2024-08-10 19:32:43,891 - WARNING - Waiting for downtrend for MATIC/USDT!
2024-08-10 19:32:43,940 - WARNING - Waiting for downtrend for ADA/USDT!
2024-08-10 19:32:43,990 - WARNING - Waiting for uptrend for ETH/USDT!
2024-08-10 19:32:44,040 - WARNING - Waiting for downtrend for BTC/USDT!
2024-08-10 19:32:46,193 - WARNING - EMA has not crossed yet for BNB/USDT
2024-08-10 19:32:46,193 - WARNING - EMA crosses for BNB/USDT
2024-08-10 19:32:46,651 - WARNING - EMA has not crossed yet for BTC/USDT
2024-08-10 19:32:46,652 - WARNING - EMA crosses for BTC/USDT
2024-08-10 19:32:46,995 - WARNING - EMA has not crossed yet for ADA/USDT
2024-08-10 19:32:46,995 - WARNING - EMA crosses for ADA/USDT
2024-08-10 19:32:47,049 - WARNING - EMA has not crossed yet for MATIC/USDT
2024-08-10 19:32:47,049 - WARNING - EMA crosses for MATIC/USDT
2024-08-10 19:32:47,096 - WARNING - EMA has not crossed yet for ETH/USDT
2024-08-10 19:32:47,096 - WARNING - ETH/USDT EMA crosses!
Short EMA: 2617.337625738966, Long EMA: 2617.477318189093 ADX: 23.622386695233583 ATR: 8.836168624208389 Signal: Buy
2024-08-10 19:38:43,470 - WARNING - Waiting for uptrend for ETH/USDT!
2024-08-10 19:38:43,535 - WARNING - Waiting for downtrend for BTC/USDT!
2024-08-10 19:38:43,585 - WARNING - Waiting for downtrend for BNB/USDT!
2024-08-10 19:38:43,636 - WARNING - Waiting for downtrend for ADA/USDT!
2024-08-10 19:38:43,686 - WARNING - Waiting for downtrend for MATIC/USDT!
2024-08-10 19:38:46,279 - WARNING - EMA has not crossed yet for ETH/USDT
2024-08-10 19:38:46,280 - WARNING - ETH/USDT EMA crosses!
Short EMA: 2617.6909590722994, Long EMA: 2617.7128737446483 ADX: 23.622386695233583 ATR: 8.931882909922653 Signal: Buy
2024-08-10 19:38:46,671 - WARNING - EMA has not crossed yet for BNB/USDT
2024-08-10 19:38:46,671 - WARNING - EMA crosses for BNB/USDT
2024-08-10 19:38:46,725 - WARNING - EMA has not crossed yet for ADA/USDT
2024-08-10 19:38:46,725 - WARNING - EMA crosses for ADA/USDT
2024-08-10 19:38:46,772 - WARNING - EMA has not crossed yet for MATIC/USDT
2024-08-10 19:38:46,772 - WARNING - EMA crosses for MATIC/USDT
2024-08-10 19:38:46,823 - WARNING - EMA has not crossed yet for BTC/USDT
2024-08-10 19:38:46,823 - WARNING - EMA crosses for BTC/USDT
2024-08-10 19:46:39,522 - WARNING - Waiting for downtrend for BTC/USDT!
2024-08-10 19:46:39,586 - WARNING - Waiting for downtrend for MATIC/USDT!
2024-08-10 19:46:39,637 - WARNING - Waiting for downtrend for ADA/USDT!
2024-08-10 19:46:39,689 - WARNING - Waiting for uptrend for ETH/USDT!
2024-08-10 19:46:39,740 - WARNING - Waiting for downtrend for BNB/USDT!
2024-08-10 19:46:42,916 - WARNING - EMA has not crossed yet for BTC/USDT
2024-08-10 19:46:42,916 - WARNING - EMA crosses for BTC/USDT
2024-08-10 19:46:42,968 - WARNING - EMA has not crossed yet for MATIC/USDT
2024-08-10 19:46:42,968 - WARNING - EMA crosses for MATIC/USDT
2024-08-10 19:46:43,024 - WARNING - EMA has not crossed yet for ADA/USDT
2024-08-10 19:46:43,024 - WARNING - EMA crosses for ADA/USDT
2024-08-10 19:46:43,071 - WARNING - EMA has not crossed yet for ETH/USDT
2024-08-10 19:46:43,118 - WARNING - EMA has not crossed yet for BNB/USDT
2024-08-10 19:46:43,118 - WARNING - EMA crosses for BNB/USDT
2024-08-10 19:52:07,680 - WARNING - Waiting for downtrend for BTC/USDT!
2024-08-10 19:52:07,736 - WARNING - Waiting for uptrend for ETH/USDT!
2024-08-10 19:52:07,792 - WARNING - Waiting for downtrend for ADA/USDT!
2024-08-10 19:52:07,843 - WARNING - Waiting for downtrend for BNB/USDT!
2024-08-10 19:52:07,896 - WARNING - Waiting for downtrend for MATIC/USDT!
2024-08-10 19:52:10,688 - WARNING - EMA has not crossed yet for ADA/USDT
2024-08-10 19:52:10,688 - WARNING - EMA crosses for ADA/USDT
2024-08-10 19:52:10,991 - WARNING - EMA has not crossed yet for BNB/USDT
2024-08-10 19:52:10,991 - WARNING - EMA crosses for BNB/USDT
2024-08-10 19:52:11,041 - WARNING - EMA has not crossed yet for ETH/USDT
2024-08-10 19:52:11,092 - WARNING - EMA has not crossed yet for MATIC/USDT
2024-08-10 19:52:11,092 - WARNING - EMA crosses for MATIC/USDT
2024-08-10 19:52:11,965 - WARNING - EMA has not crossed yet for BTC/USDT
2024-08-10 19:52:11,965 - WARNING - EMA crosses for BTC/USDT
2024-08-10 19:53:05,521 - WARNING - Waiting for downtrend for MATIC/USDT!
2024-08-10 19:53:05,587 - WARNING - Waiting for uptrend for ETH/USDT!
2024-08-10 19:53:05,638 - WARNING - Waiting for downtrend for ADA/USDT!
2024-08-10 19:53:05,688 - WARNING - Waiting for downtrend for BNB/USDT!
2024-08-10 19:53:05,738 - WARNING - Waiting for downtrend for BTC/USDT!
2024-08-10 19:53:08,851 - WARNING - EMA has not crossed yet for MATIC/USDT
2024-08-10 19:53:08,851 - WARNING - EMA crosses for MATIC/USDT
2024-08-10 19:53:08,903 - WARNING - EMA has not crossed yet for BNB/USDT
2024-08-10 19:53:08,903 - WARNING - EMA crosses for BNB/USDT
2024-08-10 19:53:08,961 - WARNING - EMA has not crossed yet for ETH/USDT
2024-08-10 19:53:09,009 - WARNING - EMA has not crossed yet for BTC/USDT
2024-08-10 19:53:09,009 - WARNING - EMA crosses for BTC/USDT
2024-08-10 19:53:09,056 - WARNING - EMA has not crossed yet for ADA/USDT
2024-08-10 19:53:09,056 - WARNING - EMA crosses for ADA/USDT
2024-08-10 20:16:15,051 - WARNING - Waiting for uptrend for BTC/USDT!
2024-08-10 20:16:15,107 - WARNING - Waiting for downtrend for MATIC/USDT!
2024-08-10 20:16:15,164 - WARNING - Waiting for uptrend for BNB/USDT!
2024-08-10 20:16:15,214 - WARNING - Waiting for downtrend for ADA/USDT!
2024-08-10 20:16:15,312 - WARNING - Waiting for uptrend for ETH/USDT!
2024-08-10 20:16:18,169 - WARNING - EMA has not crossed yet for BTC/USDT
2024-08-10 20:16:18,353 - WARNING - EMA has not crossed yet for MATIC/USDT
2024-08-10 20:16:18,354 - WARNING - EMA crosses for MATIC/USDT
2024-08-10 20:16:18,405 - WARNING - EMA has not crossed yet for BNB/USDT
2024-08-10 20:16:18,457 - WARNING - EMA has not crossed yet for ETH/USDT
2024-08-10 20:16:18,801 - WARNING - EMA has not crossed yet for ADA/USDT
2024-08-10 20:16:18,801 - WARNING - EMA crosses for ADA/USDT
2024-08-10 20:18:24,457 - WARNING - Waiting for downtrend for MATIC/USDT!
2024-08-10 20:18:24,515 - WARNING - Waiting for uptrend for BTC/USDT!
2024-08-10 20:18:24,565 - WARNING - Waiting for downtrend for ADA/USDT!
2024-08-10 20:18:24,634 - WARNING - Waiting for uptrend for ETH/USDT!
2024-08-10 20:18:24,684 - WARNING - Waiting for uptrend for BNB/USDT!
2024-08-10 20:18:27,659 - WARNING - EMA has not crossed yet for ADA/USDT
2024-08-10 20:18:27,659 - WARNING - EMA crosses for ADA/USDT
2024-08-10 20:18:28,133 - WARNING - EMA has not crossed yet for BTC/USDT
2024-08-10 20:18:28,183 - WARNING - EMA has not crossed yet for MATIC/USDT
2024-08-10 20:18:28,184 - WARNING - EMA crosses for MATIC/USDT
2024-08-10 20:18:28,236 - WARNING - EMA has not crossed yet for ETH/USDT
2024-08-10 20:18:28,284 - WARNING - EMA has not crossed yet for BNB/USDT
2024-08-10 22:46:08,900 - WARNING - Waiting for downtrend for BNB/USDT!
2024-08-10 22:46:09,193 - WARNING - Waiting for downtrend for ADA/USDT!
2024-08-10 22:46:09,250 - WARNING - Waiting for downtrend for BTC/USDT!
2024-08-10 22:46:09,560 - WARNING - Waiting for downtrend for ETH/USDT!
2024-08-10 22:46:09,618 - WARNING - Waiting for uptrend for MATIC/USDT!
2024-08-10 22:46:11,919 - WARNING - EMA has not crossed yet for ADA/USDT
2024-08-10 22:46:12,348 - WARNING - EMA has not crossed yet for BNB/USDT
2024-08-10 22:46:12,398 - WARNING - EMA has not crossed yet for ETH/USDT
2024-08-10 22:46:14,664 - WARNING - EMA has not crossed yet for BTC/USDT
2024-08-10 22:46:17,498 - WARNING - EMA has not crossed yet for MATIC/USDT
2024-08-10 22:46:21,055 - WARNING - Waiting for downtrend for ETH/USDT!
2024-08-10 22:46:21,109 - WARNING - Waiting for downtrend for BTC/USDT!
2024-08-10 22:46:21,168 - WARNING - Waiting for downtrend for BNB/USDT!
2024-08-10 22:46:21,219 - WARNING - Waiting for uptrend for MATIC/USDT!
2024-08-10 22:46:21,269 - WARNING - Waiting for downtrend for ADA/USDT!
2024-08-10 22:46:24,592 - WARNING - EMA has not crossed yet for ETH/USDT
2024-08-10 22:46:24,645 - WARNING - EMA has not crossed yet for MATIC/USDT
2024-08-10 22:46:24,691 - WARNING - EMA has not crossed yet for BNB/USDT
2024-08-10 22:46:26,009 - WARNING - EMA has not crossed yet for BTC/USDT
2024-08-10 22:46:31,988 - WARNING - EMA has not crossed yet for ADA/USDT
2024-08-10 22:46:35,764 - WARNING - Waiting for downtrend for BTC/USDT!
2024-08-10 22:46:35,822 - WARNING - Waiting for downtrend for BNB/USDT!
2024-08-10 22:46:35,872 - WARNING - Waiting for downtrend for ADA/USDT!
2024-08-10 22:46:35,929 - WARNING - Waiting for downtrend for ETH/USDT!
2024-08-10 22:46:35,980 - WARNING - Waiting for uptrend for MATIC/USDT!
